<?xml version="1.0" encoding="UTF-8"?>
<!-- Generated by org.testng.reporters.JUnitReportReporter -->
<testsuite hostname="DESKTOP-ANO00B0" failures="0" tests="1" name="testCase.ManageContactPageTest" time="9.450" errors="0" timestamp="2025-01-15T11:10:26 GMT-12:00" skipped="0">
  <testcase classname="testCase.ManageContactPageTest" name="verifyCreateNewCategory" time="9.450"/>
</testsuite> <!-- testCase.ManageContactPageTest -->
