<?xml version="1.0" encoding="UTF-8"?>
<!-- Generated by org.testng.reporters.JUnitReportReporter -->
<testsuite hostname="DESKTOP-ANO00B0" failures="0" tests="5" name="testCase.SubCategoryPageTest" time="65.784" errors="0" timestamp="2025-01-13T04:31:21 GMT-12:00" skipped="4">
  <testcase classname="testCase.SubCategoryPageTest" name="deleteSubCategoryItemAndVerifyItemIsRemoved" time="65.784"/>
  <testcase classname="testCase.SubCategoryPageTest" name="verifySubCategorySearchDisplaysCorrectResults">
    <skipped/>
  </testcase> <!-- verifySubCategorySearchDisplaysCorrectResults -->
  <testcase classname="testCase.SubCategoryPageTest" name="verifyAlertMessageForEditingSubCategory">
    <skipped/>
  </testcase> <!-- verifyAlertMessageForEditingSubCategory -->
  <testcase classname="testCase.SubCategoryPageTest" name="verifyAlertMessageOnChangingStatusOfSelectedSubCategory">
    <skipped/>
  </testcase> <!-- verifyAlertMessageOnChangingStatusOfSelectedSubCategory -->
  <testcase classname="testCase.SubCategoryPageTest" name="verifyAlertMessageOnCreatingNewSubCategory">
    <skipped/>
  </testcase> <!-- verifyAlertMessageOnCreatingNewSubCategory -->
</testsuite> <!-- testCase.SubCategoryPageTest -->
