<?xml version="1.0" encoding="UTF-8"?>
<!-- Generated by org.testng.reporters.JUnitReportReporter -->
<testsuite hostname="DESKTOP-ANO00B0" failures="0" tests="3" name="testCase.ManageNewsTest" time="18.633" errors="0" timestamp="2025-01-16T12:40:59 GMT-12:00" skipped="2">
  <testcase classname="testCase.ManageNewsTest" name="verifyAlertMessageOnCreateNews" time="18.633"/>
  <testcase classname="testCase.ManageNewsTest" name="verifyRemoveDuplicateNews">
    <skipped/>
  </testcase> <!-- verifyRemoveDuplicateNews -->
  <testcase classname="testCase.ManageNewsTest" name="verifyMessageoOnDeleteAllNews">
    <skipped/>
  </testcase> <!-- verifyMessageoOnDeleteAllNews -->
</testsuite> <!-- testCase.ManageNewsTest -->
