<?xml version="1.0" encoding="UTF-8"?>
<!-- Generated by org.testng.reporters.JUnitReportReporter -->
<testsuite hostname="DESKTOP-ANO00B0" failures="0" tests="2" name="testCase.CategoryPageTest" time="14.104" errors="0" timestamp="2025-01-13T12:21:06 GMT-12:00" skipped="1">
  <testcase classname="testCase.CategoryPageTest" name="verifyCreateNewCategory" time="14.104"/>
  <testcase classname="testCase.CategoryPageTest" name="verifySearchSubCategory">
    <skipped/>
  </testcase> <!-- verifySearchSubCategory -->
</testsuite> <!-- testCase.CategoryPageTest -->
