<?xml version="1.0" encoding="UTF-8"?>
<!-- Generated by org.testng.reporters.JUnitReportReporter -->
<testsuite hostname="DESKTOP-ANO00B0" failures="0" tests="1" name="testCase.SubCatagoryPageTest" time="7.305" errors="0" timestamp="2024-12-19T11:58:27 GMT-12:00" skipped="0">
  <testcase classname="testCase.SubCatagoryPageTest" name="createNewSubCatagory" time="7.305"/>
</testsuite> <!-- testCase.SubCatagoryPageTest -->
