<?xml version="1.0" encoding="UTF-8"?>
<!-- Generated by org.testng.reporters.JUnitReportReporter -->
<testsuite hostname="DESKTOP-ANO00B0" failures="0" tests="1" name="testCase.ManageContactPageTest" time="9.058" errors="0" timestamp="2025-01-09T15:20:42 GMT-12:00" skipped="0">
  <testcase classname="testCase.ManageContactPageTest" name="verifyEditContactUs" time="9.058"/>
</testsuite> <!-- testCase.ManageContactPageTest -->
