<?xml version="1.0" encoding="UTF-8"?>
<!-- Generated by org.testng.reporters.JUnitReportReporter -->
<testsuite hostname="DESKTOP-ANO00B0" failures="0" tests="10" name="testCase.LoginPageTest" time="82.507" errors="0" timestamp="2025-01-14T15:18:22 GMT-12:00" skipped="2">
  <testcase classname="testCase.LoginPageTest" name="LoginWithValidCredential" time="7.229">
    <skipped/>
  </testcase> <!-- LoginWithValidCredential -->
  <testcase classname="testCase.LoginPageTest" name="LoginWithValidCredential" time="12.412"/>
  <testcase classname="testCase.LoginPageTest" name="LoginWithValidCredential" time="9.522">
    <skipped/>
  </testcase> <!-- LoginWithValidCredential -->
  <testcase classname="testCase.LoginPageTest" name="LoginWithValidCredential" time="9.477"/>
  <testcase classname="testCase.LoginPageTest" name="LoginWithInvalidCredential" time="7.558"/>
  <testcase classname="testCase.LoginPageTest" name="LoginWithInvalidCredential" time="7.085"/>
  <testcase classname="testCase.LoginPageTest" name="LoginWithInvalidCredential" time="8.050"/>
  <testcase classname="testCase.LoginPageTest" name="LoginWithInvalidCredential" time="6.357"/>
  <testcase classname="testCase.LoginPageTest" name="LoginWithInvalidCredential" time="6.454"/>
  <testcase classname="testCase.LoginPageTest" name="LoginWithInvalidCredential" time="8.363"/>
</testsuite> <!-- testCase.LoginPageTest -->
